<?xml version="1.0" encoding="UTF-8"?>
<!-- Generated by org.testng.reporters.JUnitReportReporter -->
<testsuite hostname="LAPTOP-C43UTJLO" failures="0" tests="1" name="sensibull.Trade_Test" time="296.146" errors="0" timestamp="2024-12-17T08:39:27 IST" skipped="0">
  <testcase classname="sensibull.Trade_Test" name="automate_atTheMoney" time="296.146"/>
  <system-out/>
</testsuite> <!-- sensibull.Trade_Test -->
