<?xml version="1.0" encoding="UTF-8"?>
<!-- Generated by org.testng.reporters.JUnitReportReporter -->
<testsuite hostname="LAPTOP-C43UTJLO" failures="0" tests="1" name="sensibull.Trade_Test" time="116.678" errors="0" timestamp="2025-01-14T22:50:58 IST" skipped="0">
  <testcase classname="sensibull.Trade_Test" name="automate_atTheMoney" time="116.678"/>
  <system-out/>
</testsuite> <!-- sensibull.Trade_Test -->
